<?xml version="1.0" encoding="UTF-8"?>
<!-- Generated by org.testng.reporters.JUnitXMLReporter -->
<testsuite hostname="LUCKY" name="Test" tests="5" failures="0" timestamp="21 Jul 2019 19:27:06 GMT" time="113.768" errors="0">
  <testcase name="navigateToHomeAndClosePopUp" time="23.094" classname="locus.assignment.runner.TestSuiteRunner"/>
  <testcase name="searchItemOnHomePage" time="12.448" classname="locus.assignment.runner.TestSuiteRunner"/>
  <testcase name="applyFilterOnSearchResultsPage" time="1.507" classname="locus.assignment.runner.TestSuiteRunner"/>
  <testcase name="selectBrandOnSearchResultsPage" time="28.015" classname="locus.assignment.runner.TestSuiteRunner"/>
  <testcase name="selectProductAndSelectProductDetailsPageAndBuyProduct" time="48.631" classname="locus.assignment.runner.TestSuiteRunner"/>
</testsuite> <!-- Test -->
